Analysis & Elaboration report for mipssingle
Mon Oct 22 17:01:16 2018
Quartus Prime Version 17.1.0 Build 590 10/25/2017 SJ Lite Edition


---------------------
; Table of Contents ;
---------------------
  1. Legal Notice
  2. Analysis & Elaboration Summary
  3. Parallel Compilation
  4. Parameter Settings for User Entity Instance: registradorGenerico:REG0
  5. Parameter Settings for User Entity Instance: registradorGenerico:REG1
  6. Parameter Settings for User Entity Instance: registradorGenerico:REG2
  7. Parameter Settings for User Entity Instance: registradorGenerico:REG3
  8. Parameter Settings for User Entity Instance: registradorGenerico:REG4
  9. Parameter Settings for User Entity Instance: registradorGenerico:REG5
 10. Parameter Settings for User Entity Instance: registradorGenerico:REG6
 11. Parameter Settings for User Entity Instance: registradorGenerico:REG7
 12. Parameter Settings for User Entity Instance: registradorGenerico:REG8
 13. Parameter Settings for User Entity Instance: registradorGenerico:REG9
 14. Parameter Settings for User Entity Instance: registradorGenerico:REG10
 15. Parameter Settings for User Entity Instance: registradorGenerico:REG11
 16. Parameter Settings for User Entity Instance: registradorGenerico:REG12
 17. Parameter Settings for User Entity Instance: registradorGenerico:REG13
 18. Parameter Settings for User Entity Instance: registradorGenerico:REG14
 19. Parameter Settings for User Entity Instance: registradorGenerico:REG15
 20. Parameter Settings for User Entity Instance: registradorGenerico:REG16
 21. Parameter Settings for User Entity Instance: registradorGenerico:REG17
 22. Parameter Settings for User Entity Instance: registradorGenerico:REG18
 23. Parameter Settings for User Entity Instance: registradorGenerico:REG19
 24. Parameter Settings for User Entity Instance: registradorGenerico:REG20
 25. Parameter Settings for User Entity Instance: registradorGenerico:REG21
 26. Parameter Settings for User Entity Instance: registradorGenerico:REG22
 27. Parameter Settings for User Entity Instance: registradorGenerico:REG23
 28. Parameter Settings for User Entity Instance: registradorGenerico:REG24
 29. Parameter Settings for User Entity Instance: registradorGenerico:REG25
 30. Parameter Settings for User Entity Instance: registradorGenerico:REG26
 31. Parameter Settings for User Entity Instance: registradorGenerico:REG27
 32. Parameter Settings for User Entity Instance: registradorGenerico:REG28
 33. Parameter Settings for User Entity Instance: registradorGenerico:REG29
 34. Parameter Settings for User Entity Instance: registradorGenerico:REG30
 35. Parameter Settings for User Entity Instance: registradorGenerico:REG31
 36. Analysis & Elaboration Settings
 37. Port Connectivity Checks: "registradorGenerico:REG31"
 38. Port Connectivity Checks: "registradorGenerico:REG30"
 39. Port Connectivity Checks: "registradorGenerico:REG29"
 40. Port Connectivity Checks: "registradorGenerico:REG28"
 41. Port Connectivity Checks: "registradorGenerico:REG27"
 42. Port Connectivity Checks: "registradorGenerico:REG26"
 43. Port Connectivity Checks: "registradorGenerico:REG25"
 44. Port Connectivity Checks: "registradorGenerico:REG24"
 45. Port Connectivity Checks: "registradorGenerico:REG23"
 46. Port Connectivity Checks: "registradorGenerico:REG22"
 47. Port Connectivity Checks: "registradorGenerico:REG21"
 48. Port Connectivity Checks: "registradorGenerico:REG20"
 49. Port Connectivity Checks: "registradorGenerico:REG19"
 50. Port Connectivity Checks: "registradorGenerico:REG18"
 51. Port Connectivity Checks: "registradorGenerico:REG17"
 52. Port Connectivity Checks: "registradorGenerico:REG16"
 53. Port Connectivity Checks: "registradorGenerico:REG15"
 54. Port Connectivity Checks: "registradorGenerico:REG14"
 55. Port Connectivity Checks: "registradorGenerico:REG13"
 56. Port Connectivity Checks: "registradorGenerico:REG12"
 57. Port Connectivity Checks: "registradorGenerico:REG11"
 58. Port Connectivity Checks: "registradorGenerico:REG10"
 59. Port Connectivity Checks: "registradorGenerico:REG9"
 60. Port Connectivity Checks: "registradorGenerico:REG8"
 61. Port Connectivity Checks: "registradorGenerico:REG7"
 62. Port Connectivity Checks: "registradorGenerico:REG6"
 63. Port Connectivity Checks: "registradorGenerico:REG5"
 64. Port Connectivity Checks: "registradorGenerico:REG4"
 65. Port Connectivity Checks: "registradorGenerico:REG3"
 66. Port Connectivity Checks: "registradorGenerico:REG2"
 67. Port Connectivity Checks: "registradorGenerico:REG1"
 68. Port Connectivity Checks: "registradorGenerico:REG0"
 69. Analysis & Elaboration Messages



----------------
; Legal Notice ;
----------------
Copyright (C) 2017  Intel Corporation. All rights reserved.
Your use of Intel Corporation's design tools, logic functions 
and other software and tools, and its AMPP partner logic 
functions, and any output files from any of the foregoing 
(including device programming or simulation files), and any 
associated documentation or information are expressly subject 
to the terms and conditions of the Intel Program License 
Subscription Agreement, the Intel Quartus Prime License Agreement,
the Intel FPGA IP License Agreement, or other applicable license
agreement, including, without limitation, that your use is for
the sole purpose of programming logic devices manufactured by
Intel and sold by Intel or its authorized distributors.  Please
refer to the applicable agreement for further details.



+-----------------------------------------------------------------------------+
; Analysis & Elaboration Summary                                              ;
+-------------------------------+---------------------------------------------+
; Analysis & Elaboration Status ; Successful - Mon Oct 22 17:01:16 2018       ;
; Quartus Prime Version         ; 17.1.0 Build 590 10/25/2017 SJ Lite Edition ;
; Revision Name                 ; mipssingle                                  ;
; Top-level Entity Name         ; bancoRegistradores                          ;
; Family                        ; Cyclone V                                   ;
; Logic utilization (in ALMs)   ; N/A until Partition Merge                   ;
; Total registers               ; N/A until Partition Merge                   ;
; Total pins                    ; N/A until Partition Merge                   ;
; Total virtual pins            ; N/A until Partition Merge                   ;
; Total block memory bits       ; N/A until Partition Merge                   ;
; Total PLLs                    ; N/A until Partition Merge                   ;
; Total DLLs                    ; N/A until Partition Merge                   ;
+-------------------------------+---------------------------------------------+


+------------------------------------------+
; Parallel Compilation                     ;
+----------------------------+-------------+
; Processors                 ; Number      ;
+----------------------------+-------------+
; Number detected on machine ; 4           ;
; Maximum allowed            ; 4           ;
;                            ;             ;
; Average used               ; 1.00        ;
; Maximum used               ; 1           ;
;                            ;             ;
; Usage by Processor         ; % Time Used ;
;     Processor 1            ; 100.0%      ;
+----------------------------+-------------+


+-----------------------------------------------------------------------+
; Parameter Settings for User Entity Instance: registradorGenerico:REG0 ;
+----------------+-------+----------------------------------------------+
; Parameter Name ; Value ; Type                                         ;
+----------------+-------+----------------------------------------------+
; larguradados   ; 32    ; Signed Integer                               ;
+----------------+-------+----------------------------------------------+
Note: In order to hide this table in the UI and the text report file, please set the "Show Parameter Settings in Synthesis Report" option in "Analysis and Synthesis Settings -> More Settings" to "Off".


+-----------------------------------------------------------------------+
; Parameter Settings for User Entity Instance: registradorGenerico:REG1 ;
+----------------+-------+----------------------------------------------+
; Parameter Name ; Value ; Type                                         ;
+----------------+-------+----------------------------------------------+
; larguradados   ; 32    ; Signed Integer                               ;
+----------------+-------+----------------------------------------------+
Note: In order to hide this table in the UI and the text report file, please set the "Show Parameter Settings in Synthesis Report" option in "Analysis and Synthesis Settings -> More Settings" to "Off".


+-----------------------------------------------------------------------+
; Parameter Settings for User Entity Instance: registradorGenerico:REG2 ;
+----------------+-------+----------------------------------------------+
; Parameter Name ; Value ; Type                                         ;
+----------------+-------+----------------------------------------------+
; larguradados   ; 32    ; Signed Integer                               ;
+----------------+-------+----------------------------------------------+
Note: In order to hide this table in the UI and the text report file, please set the "Show Parameter Settings in Synthesis Report" option in "Analysis and Synthesis Settings -> More Settings" to "Off".


+-----------------------------------------------------------------------+
; Parameter Settings for User Entity Instance: registradorGenerico:REG3 ;
+----------------+-------+----------------------------------------------+
; Parameter Name ; Value ; Type                                         ;
+----------------+-------+----------------------------------------------+
; larguradados   ; 32    ; Signed Integer                               ;
+----------------+-------+----------------------------------------------+
Note: In order to hide this table in the UI and the text report file, please set the "Show Parameter Settings in Synthesis Report" option in "Analysis and Synthesis Settings -> More Settings" to "Off".


+-----------------------------------------------------------------------+
; Parameter Settings for User Entity Instance: registradorGenerico:REG4 ;
+----------------+-------+----------------------------------------------+
; Parameter Name ; Value ; Type                                         ;
+----------------+-------+----------------------------------------------+
; larguradados   ; 32    ; Signed Integer                               ;
+----------------+-------+----------------------------------------------+
Note: In order to hide this table in the UI and the text report file, please set the "Show Parameter Settings in Synthesis Report" option in "Analysis and Synthesis Settings -> More Settings" to "Off".


+-----------------------------------------------------------------------+
; Parameter Settings for User Entity Instance: registradorGenerico:REG5 ;
+----------------+-------+----------------------------------------------+
; Parameter Name ; Value ; Type                                         ;
+----------------+-------+----------------------------------------------+
; larguradados   ; 32    ; Signed Integer                               ;
+----------------+-------+----------------------------------------------+
Note: In order to hide this table in the UI and the text report file, please set the "Show Parameter Settings in Synthesis Report" option in "Analysis and Synthesis Settings -> More Settings" to "Off".


+-----------------------------------------------------------------------+
; Parameter Settings for User Entity Instance: registradorGenerico:REG6 ;
+----------------+-------+----------------------------------------------+
; Parameter Name ; Value ; Type                                         ;
+----------------+-------+----------------------------------------------+
; larguradados   ; 32    ; Signed Integer                               ;
+----------------+-------+----------------------------------------------+
Note: In order to hide this table in the UI and the text report file, please set the "Show Parameter Settings in Synthesis Report" option in "Analysis and Synthesis Settings -> More Settings" to "Off".


+-----------------------------------------------------------------------+
; Parameter Settings for User Entity Instance: registradorGenerico:REG7 ;
+----------------+-------+----------------------------------------------+
; Parameter Name ; Value ; Type                                         ;
+----------------+-------+----------------------------------------------+
; larguradados   ; 32    ; Signed Integer                               ;
+----------------+-------+----------------------------------------------+
Note: In order to hide this table in the UI and the text report file, please set the "Show Parameter Settings in Synthesis Report" option in "Analysis and Synthesis Settings -> More Settings" to "Off".


+-----------------------------------------------------------------------+
; Parameter Settings for User Entity Instance: registradorGenerico:REG8 ;
+----------------+-------+----------------------------------------------+
; Parameter Name ; Value ; Type                                         ;
+----------------+-------+----------------------------------------------+
; larguradados   ; 32    ; Signed Integer                               ;
+----------------+-------+----------------------------------------------+
Note: In order to hide this table in the UI and the text report file, please set the "Show Parameter Settings in Synthesis Report" option in "Analysis and Synthesis Settings -> More Settings" to "Off".


+-----------------------------------------------------------------------+
; Parameter Settings for User Entity Instance: registradorGenerico:REG9 ;
+----------------+-------+----------------------------------------------+
; Parameter Name ; Value ; Type                                         ;
+----------------+-------+----------------------------------------------+
; larguradados   ; 32    ; Signed Integer                               ;
+----------------+-------+----------------------------------------------+
Note: In order to hide this table in the UI and the text report file, please set the "Show Parameter Settings in Synthesis Report" option in "Analysis and Synthesis Settings -> More Settings" to "Off".


+------------------------------------------------------------------------+
; Parameter Settings for User Entity Instance: registradorGenerico:REG10 ;
+----------------+-------+-----------------------------------------------+
; Parameter Name ; Value ; Type                                          ;
+----------------+-------+-----------------------------------------------+
; larguradados   ; 32    ; Signed Integer                                ;
+----------------+-------+-----------------------------------------------+
Note: In order to hide this table in the UI and the text report file, please set the "Show Parameter Settings in Synthesis Report" option in "Analysis and Synthesis Settings -> More Settings" to "Off".


+------------------------------------------------------------------------+
; Parameter Settings for User Entity Instance: registradorGenerico:REG11 ;
+----------------+-------+-----------------------------------------------+
; Parameter Name ; Value ; Type                                          ;
+----------------+-------+-----------------------------------------------+
; larguradados   ; 32    ; Signed Integer                                ;
+----------------+-------+-----------------------------------------------+
Note: In order to hide this table in the UI and the text report file, please set the "Show Parameter Settings in Synthesis Report" option in "Analysis and Synthesis Settings -> More Settings" to "Off".


+------------------------------------------------------------------------+
; Parameter Settings for User Entity Instance: registradorGenerico:REG12 ;
+----------------+-------+-----------------------------------------------+
; Parameter Name ; Value ; Type                                          ;
+----------------+-------+-----------------------------------------------+
; larguradados   ; 32    ; Signed Integer                                ;
+----------------+-------+-----------------------------------------------+
Note: In order to hide this table in the UI and the text report file, please set the "Show Parameter Settings in Synthesis Report" option in "Analysis and Synthesis Settings -> More Settings" to "Off".


+------------------------------------------------------------------------+
; Parameter Settings for User Entity Instance: registradorGenerico:REG13 ;
+----------------+-------+-----------------------------------------------+
; Parameter Name ; Value ; Type                                          ;
+----------------+-------+-----------------------------------------------+
; larguradados   ; 32    ; Signed Integer                                ;
+----------------+-------+-----------------------------------------------+
Note: In order to hide this table in the UI and the text report file, please set the "Show Parameter Settings in Synthesis Report" option in "Analysis and Synthesis Settings -> More Settings" to "Off".


+------------------------------------------------------------------------+
; Parameter Settings for User Entity Instance: registradorGenerico:REG14 ;
+----------------+-------+-----------------------------------------------+
; Parameter Name ; Value ; Type                                          ;
+----------------+-------+-----------------------------------------------+
; larguradados   ; 32    ; Signed Integer                                ;
+----------------+-------+-----------------------------------------------+
Note: In order to hide this table in the UI and the text report file, please set the "Show Parameter Settings in Synthesis Report" option in "Analysis and Synthesis Settings -> More Settings" to "Off".


+------------------------------------------------------------------------+
; Parameter Settings for User Entity Instance: registradorGenerico:REG15 ;
+----------------+-------+-----------------------------------------------+
; Parameter Name ; Value ; Type                                          ;
+----------------+-------+-----------------------------------------------+
; larguradados   ; 32    ; Signed Integer                                ;
+----------------+-------+-----------------------------------------------+
Note: In order to hide this table in the UI and the text report file, please set the "Show Parameter Settings in Synthesis Report" option in "Analysis and Synthesis Settings -> More Settings" to "Off".


+------------------------------------------------------------------------+
; Parameter Settings for User Entity Instance: registradorGenerico:REG16 ;
+----------------+-------+-----------------------------------------------+
; Parameter Name ; Value ; Type                                          ;
+----------------+-------+-----------------------------------------------+
; larguradados   ; 32    ; Signed Integer                                ;
+----------------+-------+-----------------------------------------------+
Note: In order to hide this table in the UI and the text report file, please set the "Show Parameter Settings in Synthesis Report" option in "Analysis and Synthesis Settings -> More Settings" to "Off".


+------------------------------------------------------------------------+
; Parameter Settings for User Entity Instance: registradorGenerico:REG17 ;
+----------------+-------+-----------------------------------------------+
; Parameter Name ; Value ; Type                                          ;
+----------------+-------+-----------------------------------------------+
; larguradados   ; 32    ; Signed Integer                                ;
+----------------+-------+-----------------------------------------------+
Note: In order to hide this table in the UI and the text report file, please set the "Show Parameter Settings in Synthesis Report" option in "Analysis and Synthesis Settings -> More Settings" to "Off".


+------------------------------------------------------------------------+
; Parameter Settings for User Entity Instance: registradorGenerico:REG18 ;
+----------------+-------+-----------------------------------------------+
; Parameter Name ; Value ; Type                                          ;
+----------------+-------+-----------------------------------------------+
; larguradados   ; 32    ; Signed Integer                                ;
+----------------+-------+-----------------------------------------------+
Note: In order to hide this table in the UI and the text report file, please set the "Show Parameter Settings in Synthesis Report" option in "Analysis and Synthesis Settings -> More Settings" to "Off".


+------------------------------------------------------------------------+
; Parameter Settings for User Entity Instance: registradorGenerico:REG19 ;
+----------------+-------+-----------------------------------------------+
; Parameter Name ; Value ; Type                                          ;
+----------------+-------+-----------------------------------------------+
; larguradados   ; 32    ; Signed Integer                                ;
+----------------+-------+-----------------------------------------------+
Note: In order to hide this table in the UI and the text report file, please set the "Show Parameter Settings in Synthesis Report" option in "Analysis and Synthesis Settings -> More Settings" to "Off".


+------------------------------------------------------------------------+
; Parameter Settings for User Entity Instance: registradorGenerico:REG20 ;
+----------------+-------+-----------------------------------------------+
; Parameter Name ; Value ; Type                                          ;
+----------------+-------+-----------------------------------------------+
; larguradados   ; 32    ; Signed Integer                                ;
+----------------+-------+-----------------------------------------------+
Note: In order to hide this table in the UI and the text report file, please set the "Show Parameter Settings in Synthesis Report" option in "Analysis and Synthesis Settings -> More Settings" to "Off".


+------------------------------------------------------------------------+
; Parameter Settings for User Entity Instance: registradorGenerico:REG21 ;
+----------------+-------+-----------------------------------------------+
; Parameter Name ; Value ; Type                                          ;
+----------------+-------+-----------------------------------------------+
; larguradados   ; 32    ; Signed Integer                                ;
+----------------+-------+-----------------------------------------------+
Note: In order to hide this table in the UI and the text report file, please set the "Show Parameter Settings in Synthesis Report" option in "Analysis and Synthesis Settings -> More Settings" to "Off".


+------------------------------------------------------------------------+
; Parameter Settings for User Entity Instance: registradorGenerico:REG22 ;
+----------------+-------+-----------------------------------------------+
; Parameter Name ; Value ; Type                                          ;
+----------------+-------+-----------------------------------------------+
; larguradados   ; 32    ; Signed Integer                                ;
+----------------+-------+-----------------------------------------------+
Note: In order to hide this table in the UI and the text report file, please set the "Show Parameter Settings in Synthesis Report" option in "Analysis and Synthesis Settings -> More Settings" to "Off".


+------------------------------------------------------------------------+
; Parameter Settings for User Entity Instance: registradorGenerico:REG23 ;
+----------------+-------+-----------------------------------------------+
; Parameter Name ; Value ; Type                                          ;
+----------------+-------+-----------------------------------------------+
; larguradados   ; 32    ; Signed Integer                                ;
+----------------+-------+-----------------------------------------------+
Note: In order to hide this table in the UI and the text report file, please set the "Show Parameter Settings in Synthesis Report" option in "Analysis and Synthesis Settings -> More Settings" to "Off".


+------------------------------------------------------------------------+
; Parameter Settings for User Entity Instance: registradorGenerico:REG24 ;
+----------------+-------+-----------------------------------------------+
; Parameter Name ; Value ; Type                                          ;
+----------------+-------+-----------------------------------------------+
; larguradados   ; 32    ; Signed Integer                                ;
+----------------+-------+-----------------------------------------------+
Note: In order to hide this table in the UI and the text report file, please set the "Show Parameter Settings in Synthesis Report" option in "Analysis and Synthesis Settings -> More Settings" to "Off".


+------------------------------------------------------------------------+
; Parameter Settings for User Entity Instance: registradorGenerico:REG25 ;
+----------------+-------+-----------------------------------------------+
; Parameter Name ; Value ; Type                                          ;
+----------------+-------+-----------------------------------------------+
; larguradados   ; 32    ; Signed Integer                                ;
+----------------+-------+-----------------------------------------------+
Note: In order to hide this table in the UI and the text report file, please set the "Show Parameter Settings in Synthesis Report" option in "Analysis and Synthesis Settings -> More Settings" to "Off".


+------------------------------------------------------------------------+
; Parameter Settings for User Entity Instance: registradorGenerico:REG26 ;
+----------------+-------+-----------------------------------------------+
; Parameter Name ; Value ; Type                                          ;
+----------------+-------+-----------------------------------------------+
; larguradados   ; 32    ; Signed Integer                                ;
+----------------+-------+-----------------------------------------------+
Note: In order to hide this table in the UI and the text report file, please set the "Show Parameter Settings in Synthesis Report" option in "Analysis and Synthesis Settings -> More Settings" to "Off".


+------------------------------------------------------------------------+
; Parameter Settings for User Entity Instance: registradorGenerico:REG27 ;
+----------------+-------+-----------------------------------------------+
; Parameter Name ; Value ; Type                                          ;
+----------------+-------+-----------------------------------------------+
; larguradados   ; 32    ; Signed Integer                                ;
+----------------+-------+-----------------------------------------------+
Note: In order to hide this table in the UI and the text report file, please set the "Show Parameter Settings in Synthesis Report" option in "Analysis and Synthesis Settings -> More Settings" to "Off".


+------------------------------------------------------------------------+
; Parameter Settings for User Entity Instance: registradorGenerico:REG28 ;
+----------------+-------+-----------------------------------------------+
; Parameter Name ; Value ; Type                                          ;
+----------------+-------+-----------------------------------------------+
; larguradados   ; 32    ; Signed Integer                                ;
+----------------+-------+-----------------------------------------------+
Note: In order to hide this table in the UI and the text report file, please set the "Show Parameter Settings in Synthesis Report" option in "Analysis and Synthesis Settings -> More Settings" to "Off".


+------------------------------------------------------------------------+
; Parameter Settings for User Entity Instance: registradorGenerico:REG29 ;
+----------------+-------+-----------------------------------------------+
; Parameter Name ; Value ; Type                                          ;
+----------------+-------+-----------------------------------------------+
; larguradados   ; 32    ; Signed Integer                                ;
+----------------+-------+-----------------------------------------------+
Note: In order to hide this table in the UI and the text report file, please set the "Show Parameter Settings in Synthesis Report" option in "Analysis and Synthesis Settings -> More Settings" to "Off".


+------------------------------------------------------------------------+
; Parameter Settings for User Entity Instance: registradorGenerico:REG30 ;
+----------------+-------+-----------------------------------------------+
; Parameter Name ; Value ; Type                                          ;
+----------------+-------+-----------------------------------------------+
; larguradados   ; 32    ; Signed Integer                                ;
+----------------+-------+-----------------------------------------------+
Note: In order to hide this table in the UI and the text report file, please set the "Show Parameter Settings in Synthesis Report" option in "Analysis and Synthesis Settings -> More Settings" to "Off".


+------------------------------------------------------------------------+
; Parameter Settings for User Entity Instance: registradorGenerico:REG31 ;
+----------------+-------+-----------------------------------------------+
; Parameter Name ; Value ; Type                                          ;
+----------------+-------+-----------------------------------------------+
; larguradados   ; 32    ; Signed Integer                                ;
+----------------+-------+-----------------------------------------------+
Note: In order to hide this table in the UI and the text report file, please set the "Show Parameter Settings in Synthesis Report" option in "Analysis and Synthesis Settings -> More Settings" to "Off".


+---------------------------------------------------------------------------------------------------------------------------+
; Analysis & Elaboration Settings                                                                                           ;
+---------------------------------------------------------------------------------+--------------------+--------------------+
; Option                                                                          ; Setting            ; Default Value      ;
+---------------------------------------------------------------------------------+--------------------+--------------------+
; Device                                                                          ; 5CGXFC7C7F23C8     ;                    ;
; Top-level entity name                                                           ; bancoRegistradores ; mipssingle         ;
; Family name                                                                     ; Cyclone V          ; Cyclone V          ;
; VHDL Show LMF Mapping Messages                                                  ; Off                ;                    ;
; VHDL Version                                                                    ; VHDL_2008          ; VHDL_1993          ;
; Use smart compilation                                                           ; Off                ; Off                ;
; Enable parallel Assembler and TimeQuest Timing Analyzer during compilation      ; On                 ; On                 ;
; Enable compact report table                                                     ; Off                ; Off                ;
; Restructure Multiplexers                                                        ; Auto               ; Auto               ;
; MLAB Add Timing Constraints For Mixed-Port Feed-Through Mode Setting Don't Care ; Off                ; Off                ;
; Create Debugging Nodes for IP Cores                                             ; Off                ; Off                ;
; Preserve fewer node names                                                       ; On                 ; On                 ;
; Intel FPGA IP Evaluation Mode                                                   ; Enable             ; Enable             ;
; Verilog Version                                                                 ; Verilog_2001       ; Verilog_2001       ;
; State Machine Processing                                                        ; Auto               ; Auto               ;
; Safe State Machine                                                              ; Off                ; Off                ;
; Extract Verilog State Machines                                                  ; On                 ; On                 ;
; Extract VHDL State Machines                                                     ; On                 ; On                 ;
; Ignore Verilog initial constructs                                               ; Off                ; Off                ;
; Iteration limit for constant Verilog loops                                      ; 5000               ; 5000               ;
; Iteration limit for non-constant Verilog loops                                  ; 250                ; 250                ;
; Add Pass-Through Logic to Inferred RAMs                                         ; On                 ; On                 ;
; Infer RAMs from Raw Logic                                                       ; On                 ; On                 ;
; Parallel Synthesis                                                              ; On                 ; On                 ;
; DSP Block Balancing                                                             ; Auto               ; Auto               ;
; NOT Gate Push-Back                                                              ; On                 ; On                 ;
; Power-Up Don't Care                                                             ; On                 ; On                 ;
; Remove Redundant Logic Cells                                                    ; Off                ; Off                ;
; Remove Duplicate Registers                                                      ; On                 ; On                 ;
; Ignore CARRY Buffers                                                            ; Off                ; Off                ;
; Ignore CASCADE Buffers                                                          ; Off                ; Off                ;
; Ignore GLOBAL Buffers                                                           ; Off                ; Off                ;
; Ignore ROW GLOBAL Buffers                                                       ; Off                ; Off                ;
; Ignore LCELL Buffers                                                            ; Off                ; Off                ;
; Ignore SOFT Buffers                                                             ; On                 ; On                 ;
; Limit AHDL Integers to 32 Bits                                                  ; Off                ; Off                ;
; Optimization Technique                                                          ; Balanced           ; Balanced           ;
; Carry Chain Length                                                              ; 70                 ; 70                 ;
; Auto Carry Chains                                                               ; On                 ; On                 ;
; Auto Open-Drain Pins                                                            ; On                 ; On                 ;
; Perform WYSIWYG Primitive Resynthesis                                           ; Off                ; Off                ;
; Auto ROM Replacement                                                            ; On                 ; On                 ;
; Auto RAM Replacement                                                            ; On                 ; On                 ;
; Auto DSP Block Replacement                                                      ; On                 ; On                 ;
; Auto Shift Register Replacement                                                 ; Auto               ; Auto               ;
; Allow Shift Register Merging across Hierarchies                                 ; Auto               ; Auto               ;
; Auto Clock Enable Replacement                                                   ; On                 ; On                 ;
; Strict RAM Replacement                                                          ; Off                ; Off                ;
; Allow Synchronous Control Signals                                               ; On                 ; On                 ;
; Force Use of Synchronous Clear Signals                                          ; Off                ; Off                ;
; Auto Resource Sharing                                                           ; Off                ; Off                ;
; Allow Any RAM Size For Recognition                                              ; Off                ; Off                ;
; Allow Any ROM Size For Recognition                                              ; Off                ; Off                ;
; Allow Any Shift Register Size For Recognition                                   ; Off                ; Off                ;
; Use LogicLock Constraints during Resource Balancing                             ; On                 ; On                 ;
; Ignore translate_off and synthesis_off directives                               ; Off                ; Off                ;
; Timing-Driven Synthesis                                                         ; On                 ; On                 ;
; Report Parameter Settings                                                       ; On                 ; On                 ;
; Report Source Assignments                                                       ; On                 ; On                 ;
; Report Connectivity Checks                                                      ; On                 ; On                 ;
; Ignore Maximum Fan-Out Assignments                                              ; Off                ; Off                ;
; Synchronization Register Chain Length                                           ; 3                  ; 3                  ;
; Power Optimization During Synthesis                                             ; Normal compilation ; Normal compilation ;
; HDL message level                                                               ; Level2             ; Level2             ;
; Suppress Register Optimization Related Messages                                 ; Off                ; Off                ;
; Number of Removed Registers Reported in Synthesis Report                        ; 5000               ; 5000               ;
; Number of Swept Nodes Reported in Synthesis Report                              ; 5000               ; 5000               ;
; Number of Inverted Registers Reported in Synthesis Report                       ; 100                ; 100                ;
; Clock MUX Protection                                                            ; On                 ; On                 ;
; Auto Gated Clock Conversion                                                     ; Off                ; Off                ;
; Block Design Naming                                                             ; Auto               ; Auto               ;
; SDC constraint protection                                                       ; Off                ; Off                ;
; Synthesis Effort                                                                ; Auto               ; Auto               ;
; Shift Register Replacement - Allow Asynchronous Clear Signal                    ; On                 ; On                 ;
; Pre-Mapping Resynthesis Optimization                                            ; Off                ; Off                ;
; Analysis & Synthesis Message Level                                              ; Medium             ; Medium             ;
; Disable Register Merging Across Hierarchies                                     ; Auto               ; Auto               ;
; Resource Aware Inference For Block RAM                                          ; On                 ; On                 ;
; Automatic Parallel Synthesis                                                    ; On                 ; On                 ;
; Partial Reconfiguration Bitstream ID                                            ; Off                ; Off                ;
+---------------------------------------------------------------------------------+--------------------+--------------------+


+-------------------------------------------------------+
; Port Connectivity Checks: "registradorGenerico:REG31" ;
+------+-------+----------+-----------------------------+
; Port ; Type  ; Severity ; Details                     ;
+------+-------+----------+-----------------------------+
; rst  ; Input ; Info     ; Stuck at GND                ;
+------+-------+----------+-----------------------------+


+-------------------------------------------------------+
; Port Connectivity Checks: "registradorGenerico:REG30" ;
+------+-------+----------+-----------------------------+
; Port ; Type  ; Severity ; Details                     ;
+------+-------+----------+-----------------------------+
; rst  ; Input ; Info     ; Stuck at GND                ;
+------+-------+----------+-----------------------------+


+-------------------------------------------------------+
; Port Connectivity Checks: "registradorGenerico:REG29" ;
+------+-------+----------+-----------------------------+
; Port ; Type  ; Severity ; Details                     ;
+------+-------+----------+-----------------------------+
; rst  ; Input ; Info     ; Stuck at GND                ;
+------+-------+----------+-----------------------------+


+-------------------------------------------------------+
; Port Connectivity Checks: "registradorGenerico:REG28" ;
+------+-------+----------+-----------------------------+
; Port ; Type  ; Severity ; Details                     ;
+------+-------+----------+-----------------------------+
; rst  ; Input ; Info     ; Stuck at GND                ;
+------+-------+----------+-----------------------------+


+-------------------------------------------------------+
; Port Connectivity Checks: "registradorGenerico:REG27" ;
+------+-------+----------+-----------------------------+
; Port ; Type  ; Severity ; Details                     ;
+------+-------+----------+-----------------------------+
; rst  ; Input ; Info     ; Stuck at GND                ;
+------+-------+----------+-----------------------------+


+-------------------------------------------------------+
; Port Connectivity Checks: "registradorGenerico:REG26" ;
+------+-------+----------+-----------------------------+
; Port ; Type  ; Severity ; Details                     ;
+------+-------+----------+-----------------------------+
; rst  ; Input ; Info     ; Stuck at GND                ;
+------+-------+----------+-----------------------------+


+-------------------------------------------------------+
; Port Connectivity Checks: "registradorGenerico:REG25" ;
+------+-------+----------+-----------------------------+
; Port ; Type  ; Severity ; Details                     ;
+------+-------+----------+-----------------------------+
; rst  ; Input ; Info     ; Stuck at GND                ;
+------+-------+----------+-----------------------------+


+-------------------------------------------------------+
; Port Connectivity Checks: "registradorGenerico:REG24" ;
+------+-------+----------+-----------------------------+
; Port ; Type  ; Severity ; Details                     ;
+------+-------+----------+-----------------------------+
; rst  ; Input ; Info     ; Stuck at GND                ;
+------+-------+----------+-----------------------------+


+-------------------------------------------------------+
; Port Connectivity Checks: "registradorGenerico:REG23" ;
+------+-------+----------+-----------------------------+
; Port ; Type  ; Severity ; Details                     ;
+------+-------+----------+-----------------------------+
; rst  ; Input ; Info     ; Stuck at GND                ;
+------+-------+----------+-----------------------------+


+-------------------------------------------------------+
; Port Connectivity Checks: "registradorGenerico:REG22" ;
+------+-------+----------+-----------------------------+
; Port ; Type  ; Severity ; Details                     ;
+------+-------+----------+-----------------------------+
; rst  ; Input ; Info     ; Stuck at GND                ;
+------+-------+----------+-----------------------------+


+-------------------------------------------------------+
; Port Connectivity Checks: "registradorGenerico:REG21" ;
+------+-------+----------+-----------------------------+
; Port ; Type  ; Severity ; Details                     ;
+------+-------+----------+-----------------------------+
; rst  ; Input ; Info     ; Stuck at GND                ;
+------+-------+----------+-----------------------------+


+-------------------------------------------------------+
; Port Connectivity Checks: "registradorGenerico:REG20" ;
+------+-------+----------+-----------------------------+
; Port ; Type  ; Severity ; Details                     ;
+------+-------+----------+-----------------------------+
; rst  ; Input ; Info     ; Stuck at GND                ;
+------+-------+----------+-----------------------------+


+-------------------------------------------------------+
; Port Connectivity Checks: "registradorGenerico:REG19" ;
+------+-------+----------+-----------------------------+
; Port ; Type  ; Severity ; Details                     ;
+------+-------+----------+-----------------------------+
; rst  ; Input ; Info     ; Stuck at GND                ;
+------+-------+----------+-----------------------------+


+-------------------------------------------------------+
; Port Connectivity Checks: "registradorGenerico:REG18" ;
+------+-------+----------+-----------------------------+
; Port ; Type  ; Severity ; Details                     ;
+------+-------+----------+-----------------------------+
; rst  ; Input ; Info     ; Stuck at GND                ;
+------+-------+----------+-----------------------------+


+-------------------------------------------------------+
; Port Connectivity Checks: "registradorGenerico:REG17" ;
+------+-------+----------+-----------------------------+
; Port ; Type  ; Severity ; Details                     ;
+------+-------+----------+-----------------------------+
; rst  ; Input ; Info     ; Stuck at GND                ;
+------+-------+----------+-----------------------------+


+-------------------------------------------------------+
; Port Connectivity Checks: "registradorGenerico:REG16" ;
+------+-------+----------+-----------------------------+
; Port ; Type  ; Severity ; Details                     ;
+------+-------+----------+-----------------------------+
; rst  ; Input ; Info     ; Stuck at GND                ;
+------+-------+----------+-----------------------------+


+-------------------------------------------------------+
; Port Connectivity Checks: "registradorGenerico:REG15" ;
+------+-------+----------+-----------------------------+
; Port ; Type  ; Severity ; Details                     ;
+------+-------+----------+-----------------------------+
; rst  ; Input ; Info     ; Stuck at GND                ;
+------+-------+----------+-----------------------------+


+-------------------------------------------------------+
; Port Connectivity Checks: "registradorGenerico:REG14" ;
+------+-------+----------+-----------------------------+
; Port ; Type  ; Severity ; Details                     ;
+------+-------+----------+-----------------------------+
; rst  ; Input ; Info     ; Stuck at GND                ;
+------+-------+----------+-----------------------------+


+-------------------------------------------------------+
; Port Connectivity Checks: "registradorGenerico:REG13" ;
+------+-------+----------+-----------------------------+
; Port ; Type  ; Severity ; Details                     ;
+------+-------+----------+-----------------------------+
; rst  ; Input ; Info     ; Stuck at GND                ;
+------+-------+----------+-----------------------------+


+-------------------------------------------------------+
; Port Connectivity Checks: "registradorGenerico:REG12" ;
+------+-------+----------+-----------------------------+
; Port ; Type  ; Severity ; Details                     ;
+------+-------+----------+-----------------------------+
; rst  ; Input ; Info     ; Stuck at GND                ;
+------+-------+----------+-----------------------------+


+-------------------------------------------------------+
; Port Connectivity Checks: "registradorGenerico:REG11" ;
+------+-------+----------+-----------------------------+
; Port ; Type  ; Severity ; Details                     ;
+------+-------+----------+-----------------------------+
; rst  ; Input ; Info     ; Stuck at GND                ;
+------+-------+----------+-----------------------------+


+-------------------------------------------------------+
; Port Connectivity Checks: "registradorGenerico:REG10" ;
+------+-------+----------+-----------------------------+
; Port ; Type  ; Severity ; Details                     ;
+------+-------+----------+-----------------------------+
; rst  ; Input ; Info     ; Stuck at GND                ;
+------+-------+----------+-----------------------------+


+------------------------------------------------------+
; Port Connectivity Checks: "registradorGenerico:REG9" ;
+------+-------+----------+----------------------------+
; Port ; Type  ; Severity ; Details                    ;
+------+-------+----------+----------------------------+
; rst  ; Input ; Info     ; Stuck at GND               ;
+------+-------+----------+----------------------------+


+------------------------------------------------------+
; Port Connectivity Checks: "registradorGenerico:REG8" ;
+------+-------+----------+----------------------------+
; Port ; Type  ; Severity ; Details                    ;
+------+-------+----------+----------------------------+
; rst  ; Input ; Info     ; Stuck at GND               ;
+------+-------+----------+----------------------------+


+------------------------------------------------------+
; Port Connectivity Checks: "registradorGenerico:REG7" ;
+------+-------+----------+----------------------------+
; Port ; Type  ; Severity ; Details                    ;
+------+-------+----------+----------------------------+
; rst  ; Input ; Info     ; Stuck at GND               ;
+------+-------+----------+----------------------------+


+------------------------------------------------------+
; Port Connectivity Checks: "registradorGenerico:REG6" ;
+------+-------+----------+----------------------------+
; Port ; Type  ; Severity ; Details                    ;
+------+-------+----------+----------------------------+
; rst  ; Input ; Info     ; Stuck at GND               ;
+------+-------+----------+----------------------------+


+------------------------------------------------------+
; Port Connectivity Checks: "registradorGenerico:REG5" ;
+------+-------+----------+----------------------------+
; Port ; Type  ; Severity ; Details                    ;
+------+-------+----------+----------------------------+
; rst  ; Input ; Info     ; Stuck at GND               ;
+------+-------+----------+----------------------------+


+------------------------------------------------------+
; Port Connectivity Checks: "registradorGenerico:REG4" ;
+------+-------+----------+----------------------------+
; Port ; Type  ; Severity ; Details                    ;
+------+-------+----------+----------------------------+
; rst  ; Input ; Info     ; Stuck at GND               ;
+------+-------+----------+----------------------------+


+------------------------------------------------------+
; Port Connectivity Checks: "registradorGenerico:REG3" ;
+------+-------+----------+----------------------------+
; Port ; Type  ; Severity ; Details                    ;
+------+-------+----------+----------------------------+
; rst  ; Input ; Info     ; Stuck at GND               ;
+------+-------+----------+----------------------------+


+------------------------------------------------------+
; Port Connectivity Checks: "registradorGenerico:REG2" ;
+------+-------+----------+----------------------------+
; Port ; Type  ; Severity ; Details                    ;
+------+-------+----------+----------------------------+
; rst  ; Input ; Info     ; Stuck at GND               ;
+------+-------+----------+----------------------------+


+------------------------------------------------------+
; Port Connectivity Checks: "registradorGenerico:REG1" ;
+------+-------+----------+----------------------------+
; Port ; Type  ; Severity ; Details                    ;
+------+-------+----------+----------------------------+
; rst  ; Input ; Info     ; Stuck at GND               ;
+------+-------+----------+----------------------------+


+------------------------------------------------------+
; Port Connectivity Checks: "registradorGenerico:REG0" ;
+------+-------+----------+----------------------------+
; Port ; Type  ; Severity ; Details                    ;
+------+-------+----------+----------------------------+
; rst  ; Input ; Info     ; Stuck at GND               ;
+------+-------+----------+----------------------------+


+---------------------------------+
; Analysis & Elaboration Messages ;
+---------------------------------+
Info: *******************************************************************
Info: Running Quartus Prime Analysis & Elaboration
    Info: Version 17.1.0 Build 590 10/25/2017 SJ Lite Edition
    Info: Processing started: Mon Oct 22 17:00:54 2018
Info: Command: quartus_map --read_settings_files=on --write_settings_files=off mipssingle -c mipssingle --analysis_and_elaboration
Warning (18236): Number of processors has not been specified which may cause overloading on shared machines.  Set the global assignment NUM_PARALLEL_PROCESSORS in your QSF to an appropriate value for best performance.
Info (20030): Parallel compilation is enabled and will use 4 of the 4 processors detected
Info (12021): Found 2 design units, including 1 entities, in source file ulauc.vhd
    Info (12022): Found design unit 1: ulaUc-ulaUcArch File: Z:/fredcurti-mac/descomp/mipssingle/ulaUc.vhd Line: 23
    Info (12023): Found entity 1: ulaUc File: Z:/fredcurti-mac/descomp/mipssingle/ulaUc.vhd Line: 10
Info (12021): Found 2 design units, including 1 entities, in source file mux32.vhd
    Info (12022): Found design unit 1: mux32-mux32Arch File: Z:/fredcurti-mac/descomp/mipssingle/mux32.vhd Line: 16
    Info (12023): Found entity 1: mux32 File: Z:/fredcurti-mac/descomp/mipssingle/mux32.vhd Line: 6
Info (12021): Found 2 design units, including 1 entities, in source file bancoregistradores.vhd
    Info (12022): Found design unit 1: bancoRegistradores-bancoRegistradoresArch File: Z:/fredcurti-mac/descomp/mipssingle/bancoRegistradores.vhd Line: 18
    Info (12023): Found entity 1: bancoRegistradores File: Z:/fredcurti-mac/descomp/mipssingle/bancoRegistradores.vhd Line: 5
Info (12021): Found 2 design units, including 1 entities, in source file ulamipsdlx.vhd
    Info (12022): Found design unit 1: ulaMipsDlx-ulaMipsDlxArch File: Z:/fredcurti-mac/descomp/mipssingle/ulaMipsDlx.vhd Line: 22
    Info (12023): Found entity 1: ulaMipsDlx File: Z:/fredcurti-mac/descomp/mipssingle/ulaMipsDlx.vhd Line: 5
Info (12021): Found 2 design units, including 1 entities, in source file mux4.vhd
    Info (12022): Found design unit 1: mux4-mux4Arch File: Z:/fredcurti-mac/descomp/mipssingle/mux4.vhd Line: 15
    Info (12023): Found entity 1: mux4 File: Z:/fredcurti-mac/descomp/mipssingle/mux4.vhd Line: 4
Info (12021): Found 2 design units, including 1 entities, in source file registradorgenerico.vhd
    Info (12022): Found design unit 1: registradorGenerico-registradorGenericoArch File: Z:/fredcurti-mac/descomp/mipssingle/registradorGenerico.vhd Line: 17
    Info (12023): Found entity 1: registradorGenerico File: Z:/fredcurti-mac/descomp/mipssingle/registradorGenerico.vhd Line: 4
Info (12021): Found 2 design units, including 1 entities, in source file mux2.vhd
    Info (12022): Found design unit 1: mux2-mux2Arch File: Z:/fredcurti-mac/descomp/mipssingle/mux2.vhd Line: 19
    Info (12023): Found entity 1: mux2 File: Z:/fredcurti-mac/descomp/mipssingle/mux2.vhd Line: 6
Info (12021): Found 2 design units, including 1 entities, in source file ulinha.vhd
    Info (12022): Found design unit 1: ulinha-ulinhaArch File: Z:/fredcurti-mac/descomp/mipssingle/ulinha.vhd Line: 22
    Info (12023): Found entity 1: ulinha File: Z:/fredcurti-mac/descomp/mipssingle/ulinha.vhd Line: 7
Info (12127): Elaborating entity "bancoRegistradores" for the top level hierarchy
Warning (10540): VHDL Signal Declaration warning at bancoRegistradores.vhd(19): used explicit default value for signal "end3_convert" because signal was never assigned a value File: Z:/fredcurti-mac/descomp/mipssingle/bancoRegistradores.vhd Line: 19
Warning (10540): VHDL Signal Declaration warning at bancoRegistradores.vhd(21): used explicit default value for signal "reset_reg" because signal was never assigned a value File: Z:/fredcurti-mac/descomp/mipssingle/bancoRegistradores.vhd Line: 21
Warning (10492): VHDL Process Statement warning at bancoRegistradores.vhd(71): signal "HAB_ESCRITA_REG" is read inside the Process Statement but isn't in the Process Statement's sensitivity list File: Z:/fredcurti-mac/descomp/mipssingle/bancoRegistradores.vhd Line: 71
Warning (10492): VHDL Process Statement warning at bancoRegistradores.vhd(71): signal "end3_convert" is read inside the Process Statement but isn't in the Process Statement's sensitivity list File: Z:/fredcurti-mac/descomp/mipssingle/bancoRegistradores.vhd Line: 71
Info (12128): Elaborating entity "registradorGenerico" for hierarchy "registradorGenerico:REG0" File: Z:/fredcurti-mac/descomp/mipssingle/bancoRegistradores.vhd Line: 27
Info (12128): Elaborating entity "mux32" for hierarchy "mux32:MUX_END_REG_1" File: Z:/fredcurti-mac/descomp/mipssingle/bancoRegistradores.vhd Line: 60
Info: Quartus Prime Analysis & Elaboration was successful. 0 errors, 5 warnings
    Info: Peak virtual memory: 4865 megabytes
    Info: Processing ended: Mon Oct 22 17:01:16 2018
    Info: Elapsed time: 00:00:22
    Info: Total CPU time (on all processors): 00:00:35


